#
# There is insufficient memory for the Java Runtime Environment to continue.
# Native memory allocation (mmap) failed to map 234881024 bytes. Error detail: G1 virtual space
# Possible reasons:
#   The system is out of physical RAM or swap space
#   This process is running with CompressedOops enabled, and the Java Heap may be blocking the growth of the native heap
# Possible solutions:
#   Reduce memory load on the system
#   Increase physical memory or swap space
#   Check if swap backing store is full
#   Decrease Java heap size (-Xmx/-Xms)
#   Decrease number of Java threads
#   Decrease Java thread stack sizes (-Xss)
#   Set larger code cache with -XX:ReservedCodeCacheSize=
#   JVM is running with Zero Based Compressed Oops mode in which the Java heap is
#     placed in the first 32GB address space. The Java Heap base address is the
#     maximum limit for the native heap growth. Please use -XX:HeapBaseMinAddress
#     to set the Java Heap base and to place the Java Heap above 32GB virtual address.
# This output file may be truncated or incomplete.
#
#  Out of Memory Error (os_windows.cpp:3828), pid=21200, tid=16360
#
# JRE version:  (21.0.5) (build )
# Java VM: OpenJDK 64-Bit Server VM (21.0.5+-12932927-b750.29, mixed mode, sharing, tiered, compressed oops, compressed class ptrs, g1 gc, windows-amd64)
# No core dump will be written. Minidumps are not enabled by default on client versions of Windows
#

---------------  S U M M A R Y ------------

Command Line: git4idea.http.GitAskPassApp Username for 'https://github.com': 

Host: AMD Ryzen 7 5700G with Radeon Graphics         , 16 cores, 13G,  Windows 11 , 64 bit Build 26100 (10.0.26100.3323)
Time: Tue May 13 23:53:36 2025 Malay Peninsula Standard Time elapsed time: 1.123746 seconds (0d 0h 0m 1s)

---------------  T H R E A D  ---------------

Current thread (0x000001e94ab53800):  JavaThread "Unknown thread" [_thread_in_vm, id=16360, stack(0x0000007630b00000,0x0000007630c00000) (1024K)]

Stack: [0x0000007630b00000,0x0000007630c00000]
Native frames: (J=compiled Java code, j=interpreted, Vv=VM code, C=native code)
V  [jvm.dll+0x6cfb29]
V  [jvm.dll+0x85ded3]
V  [jvm.dll+0x86042e]
V  [jvm.dll+0x860b13]
V  [jvm.dll+0x27e6b6]
V  [jvm.dll+0x6cc385]
V  [jvm.dll+0x6c078a]
V  [jvm.dll+0x35525b]
V  [jvm.dll+0x35ceb6]
V  [jvm.dll+0x3aedd6]
V  [jvm.dll+0x3af0a8]
V  [jvm.dll+0x32792c]
V  [jvm.dll+0x32861b]
V  [jvm.dll+0x825919]
V  [jvm.dll+0x3bbfa8]
V  [jvm.dll+0x80ec88]
V  [jvm.dll+0x45015e]
V  [jvm.dll+0x4518c1]
C  [jli.dll+0x52ab]
C  [ucrtbase.dll+0x37b0]
C  [KERNEL32.DLL+0x2e8d7]
C  [ntdll.dll+0xbbf6c]


---------------  P R O C E S S  ---------------

Threads class SMR info:
_java_thread_list=0x00007ffda9980808, length=0, elements={
}

Java Threads: ( => current thread )
Total: 0

Other Threads:
  0x000001e94ae95430 WorkerThread "GC Thread#0"                     [id=19432, stack(0x0000007630c00000,0x0000007630d00000) (1024K)]
  0x000001e94aea4260 ConcurrentGCThread "G1 Main Marker"            [id=14892, stack(0x0000007630d00000,0x0000007630e00000) (1024K)]
  0x000001e94aea6bc0 WorkerThread "G1 Conc#0"                       [id=10420, stack(0x0000007630e00000,0x0000007630f00000) (1024K)]

[error occurred during error reporting (printing all threads), id 0xc0000005, EXCEPTION_ACCESS_VIOLATION (0xc0000005) at pc=0x00007ffda917a967]
VM state: not at safepoint (not fully initialized)

VM Mutex/Monitor currently owned by a thread:  ([mutex/lock_event])
[0x00007ffda99ed460] Heap_lock - owner thread: 0x000001e94ab53800

Heap address: 0x0000000721a00000, size: 3558 MB, Compressed Oops mode: Zero based, Oop shift amount: 3

CDS archive(s) mapped at: [0x0000000000000000-0x0000000000000000-0x0000000000000000), size 0, SharedBaseAddress: 0x0000000800000000, ArchiveRelocationMode: 1.
Narrow klass base: 0x0000000000000000, Narrow klass shift: 0, Narrow klass range: 0x0

GC Precious Log:
 CardTable entry size: 512
 Card Set container configuration: InlinePtr #cards 4 size 8 Array Of Cards #cards 16 size 48 Howl #buckets 8 coarsen threshold 3686 Howl Bitmap #cards 512 size 80 coarsen threshold 460 Card regions per heap region 1 cards per card region 4096

Heap:
 garbage-first heap   total 0K, used 0K [0x0000000721a00000, 0x0000000800000000)
  region size 2048K, 0 young (0K), 0 survivors (0K)
 Metaspace       used 0K, committed 0K, reserved 0K
  class space    used 0K, committed 0K, reserved 0K

Heap Regions: E=young(eden), S=young(survivor), O=old, HS=humongous(starts), HC=humongous(continues), CS=collection set, F=free, TAMS=top-at-mark-start, PB=parsable bottom

Card table byte_map: [0x000001e95fe30000,0x000001e960530000] _byte_map_base: 0x000001e95c523000

Marking Bits: (CMBitMap*) 0x000001e94ae95b30
 Bits: [0x000001e960530000, 0x000001e963cc8000)

GC Heap History (0 events):
No events

Dll operation events (1 events):
Event: 0.007 Loaded shared library D:\Program FIles\Android\Android Studio\jbr\bin\java.dll

Deoptimization events (0 events):
No events

Classes loaded (0 events):
No events

Classes unloaded (0 events):
No events

Classes redefined (0 events):
No events

Internal exceptions (0 events):
No events

ZGC Phase Switch (0 events):
No events

VM Operations (0 events):
No events

Memory protections (0 events):
No events

Nmethod flushes (0 events):
No events

Events (0 events):
No events


Dynamic libraries:
0x00007ff653a00000 - 0x00007ff653a0a000 	D:\Program FIles\Android\Android Studio\jbr\bin\java.exe
0x00007ffdea740000 - 0x00007ffdea9a3000 	C:\WINDOWS\SYSTEM32\ntdll.dll
0x00007ffde9790000 - 0x00007ffde9857000 	C:\WINDOWS\System32\KERNEL32.DLL
0x00007ffde7da0000 - 0x00007ffde8169000 	C:\WINDOWS\System32\KERNELBASE.dll
0x00007ffde7ac0000 - 0x00007ffde7c0c000 	C:\WINDOWS\System32\ucrtbase.dll
0x00007ffdd3ce0000 - 0x00007ffdd3cf8000 	D:\Program FIles\Android\Android Studio\jbr\bin\jli.dll
0x00007ffde47d0000 - 0x00007ffde47eb000 	D:\Program FIles\Android\Android Studio\jbr\bin\VCRUNTIME140.dll
0x00007ffde9b50000 - 0x00007ffde9d1a000 	C:\WINDOWS\System32\USER32.dll
0x00007ffde7cb0000 - 0x00007ffde7cd7000 	C:\WINDOWS\System32\win32u.dll
0x00007ffde9220000 - 0x00007ffde924a000 	C:\WINDOWS\System32\GDI32.dll
0x00007ffde8170000 - 0x00007ffde82a1000 	C:\WINDOWS\System32\gdi32full.dll
0x00007ffde84b0000 - 0x00007ffde8553000 	C:\WINDOWS\System32\msvcp_win.dll
0x00007ffdd6c20000 - 0x00007ffdd6eb0000 	C:\WINDOWS\WinSxS\amd64_microsoft.windows.common-controls_6595b64144ccf1df_6.0.26100.3323_none_3e088096e3344490\COMCTL32.dll
0x00007ffdea4f0000 - 0x00007ffdea599000 	C:\WINDOWS\System32\msvcrt.dll
0x00007ffde9b10000 - 0x00007ffde9b3f000 	C:\WINDOWS\System32\IMM32.DLL
0x00007ffde47c0000 - 0x00007ffde47cc000 	D:\Program FIles\Android\Android Studio\jbr\bin\vcruntime140_1.dll
0x00007ffdb7ec0000 - 0x00007ffdb7f4d000 	D:\Program FIles\Android\Android Studio\jbr\bin\msvcp140.dll
0x00007ffda8e40000 - 0x00007ffda9aca000 	D:\Program FIles\Android\Android Studio\jbr\bin\server\jvm.dll
0x00007ffde92a0000 - 0x00007ffde9352000 	C:\WINDOWS\System32\ADVAPI32.dll
0x00007ffde9860000 - 0x00007ffde9906000 	C:\WINDOWS\System32\sechost.dll
0x00007ffdea5d0000 - 0x00007ffdea6e6000 	C:\WINDOWS\System32\RPCRT4.dll
0x00007ffde9370000 - 0x00007ffde93e4000 	C:\WINDOWS\System32\WS2_32.dll
0x00007ffde7610000 - 0x00007ffde765e000 	C:\WINDOWS\SYSTEM32\POWRPROF.dll
0x00007ffddf540000 - 0x00007ffddf576000 	C:\WINDOWS\SYSTEM32\WINMM.dll
0x00007ffde1260000 - 0x00007ffde126b000 	C:\WINDOWS\SYSTEM32\VERSION.dll
0x00007ffde75f0000 - 0x00007ffde7604000 	C:\WINDOWS\SYSTEM32\UMPDC.dll
0x00007ffde6760000 - 0x00007ffde677a000 	C:\WINDOWS\SYSTEM32\kernel.appcore.dll
0x00007ffde47b0000 - 0x00007ffde47ba000 	D:\Program FIles\Android\Android Studio\jbr\bin\jimage.dll
0x00007ffde0440000 - 0x00007ffde0681000 	C:\WINDOWS\SYSTEM32\DBGHELP.DLL
0x00007ffde9400000 - 0x00007ffde9782000 	C:\WINDOWS\System32\combase.dll
0x00007ffde88d0000 - 0x00007ffde89a6000 	C:\WINDOWS\System32\OLEAUT32.dll
0x00007ffdd6380000 - 0x00007ffdd63b9000 	C:\WINDOWS\SYSTEM32\dbgcore.DLL
0x00007ffde7c10000 - 0x00007ffde7ca9000 	C:\WINDOWS\System32\bcryptPrimitives.dll
0x00007ffde2630000 - 0x00007ffde2650000 	D:\Program FIles\Android\Android Studio\jbr\bin\java.dll

dbghelp: loaded successfully - version: 4.0.5 - missing functions: none
symbol engine: initialized successfully - sym options: 0x614 - pdb path: .;D:\Program FIles\Android\Android Studio\jbr\bin;C:\WINDOWS\SYSTEM32;C:\WINDOWS\WinSxS\amd64_microsoft.windows.common-controls_6595b64144ccf1df_6.0.26100.3323_none_3e088096e3344490;D:\Program FIles\Android\Android Studio\jbr\bin\server

VM Arguments:
java_command: git4idea.http.GitAskPassApp Username for 'https://github.com': 
java_class_path (initial): D:/Program FIles/Android/Android Studio/plugins/vcs-git/lib/git4idea-rt.jar;D:/Program FIles/Android/Android Studio/lib/externalProcess-rt.jar
Launcher Type: SUN_STANDARD

[Global flags]
     intx CICompilerCount                          = 12                                        {product} {ergonomic}
     uint ConcGCThreads                            = 3                                         {product} {ergonomic}
     uint G1ConcRefinementThreads                  = 13                                        {product} {ergonomic}
   size_t G1HeapRegionSize                         = 2097152                                   {product} {ergonomic}
    uintx GCDrainStackTargetSize                   = 64                                        {product} {ergonomic}
   size_t InitialHeapSize                          = 234881024                                 {product} {ergonomic}
   size_t MarkStackSize                            = 4194304                                   {product} {ergonomic}
   size_t MaxHeapSize                              = 3730833408                                {product} {ergonomic}
   size_t MinHeapDeltaBytes                        = 2097152                                   {product} {ergonomic}
   size_t MinHeapSize                              = 8388608                                   {product} {ergonomic}
    uintx NonNMethodCodeHeapSize                   = 7602480                                {pd product} {ergonomic}
    uintx NonProfiledCodeHeapSize                  = 122027880                              {pd product} {ergonomic}
    uintx ProfiledCodeHeapSize                     = 122027880                              {pd product} {ergonomic}
    uintx ReservedCodeCacheSize                    = 251658240                              {pd product} {ergonomic}
     bool SegmentedCodeCache                       = true                                      {product} {ergonomic}
   size_t SoftMaxHeapSize                          = 3730833408                             {manageable} {ergonomic}
     bool UseCompressedOops                        = true                           {product lp64_product} {ergonomic}
     bool UseG1GC                                  = true                                      {product} {ergonomic}
     bool UseLargePagesIndividualAllocation        = false                                  {pd product} {ergonomic}

Logging:
Log output configuration:
 #0: stdout all=warning uptime,level,tags foldmultilines=false
 #1: stderr all=off uptime,level,tags foldmultilines=false

Environment Variables:
PATH=D:\Program FIles\Git\mingw64\libexec\git-core;D:\Program FIles\Git\mingw64\libexec\git-core;D:\Program FIles\Git\mingw64\bin;D:\Program FIles\Git\usr\bin;C:\Users\Samuel\bin;C:\Program Files (x86)\Common Files\Oracle\Java\javapath;C:\WINDOWS\system32;C:\WINDOWS;C:\WINDOWS\System32\Wbem;C:\WINDOWS\System32\WindowsPowerShell\v1.0;C:\WINDOWS\System32\OpenSSH;D:\Program FIles\nodejs;D:\laragon\bin\php\php-8.3.2-nts-Win32-vs16-x64;D:\laragon\bin\php\php-8.1.4-nts-Win32-vs16-x64;C:\ProgramData\ComposerSetup\bin;D:\Program Files\PuTTY;D:\Program FIles\Python311;C:\Program Files\Microsoft SQL Server\150\Tools\Binn;D:\Program FIles\Git\cmd;C:\Users\Samuel\AppData\Local\Yarn\config\global\node_modules\.bin;C:\Users\Samuel\AppData\Roaming\Composer\vendor\bin;C:\Users\Samuel\AppData\Roaming\npm;D:\laragon\bin;D:\laragon\bin\apache\httpd-2.4.54-win64-VS16\bin;D:\laragon\bin\composer;D:\laragon\bin\git\bin;D:\laragon\bin\git\cmd;D:\laragon\bin\git\mingw64\bin;D:\laragon\bin\git\usr\bin;D:\laragon\bin\laragon\utils;D:\laragon\bin\mysql\mysql-5.7.43-winx64\bin;D:\laragon\bin\nginx\nginx-1.22.0;D:\laragon\bin\ngrok;D:\laragon\bin\nodejs\node-v18;D:\laragon\bin\notepad++;D:\laragon\bin\php\php-8.3.2-nts-Win32-vs16-x64;D:\laragon\bin\python\python-3.10;D:\laragon\bin\python\python-3.10\Scripts;D:\laragon\bin\redis\redis-x64-5.0.14.1;D:\laragon\bin\telnet;D:\laragon\usr\bin;C:\Users\Samuel\AppData\Local\Microsoft\WindowsApps;D:\Program FIles\Microsoft VS Code\bin
USERNAME=Samuel
DISPLAY=:0.0
LC_ALL=en_US.UTF-8
TERM=xterm-256color
TMPDIR=C:\Users\Samuel\AppData\Local\Temp
OS=Windows_NT
PROCESSOR_IDENTIFIER=AMD64 Family 25 Model 80 Stepping 0, AuthenticAMD
TMP=C:\Users\Samuel\AppData\Local\Temp
TEMP=C:\Users\Samuel\AppData\Local\Temp




Periodic native trim disabled

JNI global refs:
JNI global refs: 0, weak refs: 0

JNI global refs memory usage: 0, weak refs: 0

Process memory usage:
Resident Set Size: 12892K (0% of 14571100K total physical memory with 929944K free physical memory)

OOME stack traces (most recent first):
Classloader memory used:

---------------  S Y S T E M  ---------------

OS:
 Windows 11 , 64 bit Build 26100 (10.0.26100.3323)
OS uptime: 0 days 6:22 hours

CPU: total 16 (initial active 16) (16 cores per cpu, 2 threads per core) family 25 model 80 stepping 0 microcode 0xa50000d, cx8, cmov, fxsr, ht, mmx, 3dnowpref, sse, sse2, sse3, ssse3, sse4a, sse4.1, sse4.2, popcnt, lzcnt, tsc, tscinvbit, avx, avx2, aes, erms, clmul, bmi1, bmi2, adx, sha, fma, vzeroupper, clflush, clflushopt, rdtscp, rdpid, fsrm, f16c, pku, cet_ss
Processor Information for all 16 processors :
  Max Mhz: 3801, Current Mhz: 3801, Mhz Limit: 3801

Memory: 4k page, system-wide physical 14229M (908M free)
TotalPageFile size 29323M (AvailPageFile size 182M)
current process WorkingSet (physical memory assigned to process): 12M, peak: 12M
current process commit charge ("private bytes"): 70M, peak: 294M

vm_info: OpenJDK 64-Bit Server VM (21.0.5+-12932927-b750.29) for windows-amd64 JRE (21.0.5+-12932927-b750.29), built on 2025-01-17T02:01:10Z by "builder" with MS VC++ 16.10 / 16.11 (VS2019)

END.
